<?xml version="1.0" encoding="UTF-8"?>
<!-- Generated by org.testng.reporters.JUnitXMLReporter -->
<testsuite ignored="0" hostname="MSI" failures="0" tests="3" name="Test" time="75.042" errors="0" timestamp="2023-07-14T11:59:30 IST">
  <testcase classname="com.luma.NewAccountCreat" name="account" time="12.736"/>
  <testcase classname="com.luma.SignInProgram" name="signin" time="15.023"/>
  <testcase classname="com.luma.ShoppingCart" name="ShoppingCart" time="42.454"/>
</testsuite> <!-- Test -->
