<?xml version="1.0" encoding="UTF-8"?>
<testng-results ignored="0" total="1" passed="1" failed="0" skipped="0">
  <reporter-output>
  </reporter-output>
  <suite started-at="2023-06-29T11:02:01 IST" name="Default suite" finished-at="2023-06-29T11:02:08 IST" duration-ms="7337">
    <groups>
    </groups>
    <test started-at="2023-06-29T11:02:01 IST" name="Default test" finished-at="2023-06-29T11:02:08 IST" duration-ms="7337">
      <class name="ExtentReport">
        <test-method is-config="true" signature="config()[pri:0, instance:ExtentReport@c430e6c]" started-at="2023-06-29T11:02:01 IST" name="config" finished-at="2023-06-29T11:02:01 IST" duration-ms="238" status="PASS">
          <reporter-output>
          </reporter-output>
        </test-method> <!-- config -->
        <test-method signature="initialDemo()[pri:0, instance:ExtentReport@c430e6c]" started-at="2023-06-29T11:02:01 IST" name="initialDemo" finished-at="2023-06-29T11:02:08 IST" duration-ms="7002" status="PASS">
          <reporter-output>
          </reporter-output>
        </test-method> <!-- initialDemo -->
      </class> <!-- ExtentReport -->
    </test> <!-- Default test -->
  </suite> <!-- Default suite -->
</testng-results>
